[debug] [2023-03-12T14:48:36.555Z] ----------------------------------------------------------------------
[debug] [2023-03-12T14:48:36.559Z] Command:       C:\Program Files\nodejs\node.exe C:\Users\Computer Solution\AppData\Roaming\npm\node_modules\firebase-tools\lib\bin\firebase.js init
[debug] [2023-03-12T14:48:36.560Z] CLI Version:   11.24.0
[debug] [2023-03-12T14:48:36.560Z] Platform:      win32
[debug] [2023-03-12T14:48:36.561Z] Node Version:  v16.17.0
[debug] [2023-03-12T14:48:36.585Z] Time:          Sun Mar 12 2023 20:48:36 GMT+0600 (Bangladesh Standard Time)
[debug] [2023-03-12T14:48:36.585Z] ----------------------------------------------------------------------
[debug] 
[debug] [2023-03-12T14:48:36.733Z] > command requires scopes: ["email","openid","https://www.googleapis.com/auth/cloudplatformprojects.readonly","https://www.googleapis.com/auth/firebase","https://www.googleapis.com/auth/cloud-platform"]
[debug] [2023-03-12T14:48:36.734Z] > authorizing via signed-in user (ommesalma858@gmail.com)
[info] 
     ######## #### ########  ######## ########     ###     ######  ########
     ##        ##  ##     ## ##       ##     ##  ##   ##  ##       ##
     ######    ##  ########  ######   ########  #########  ######  ######
     ##        ##  ##    ##  ##       ##     ## ##     ##       ## ##
     ##       #### ##     ## ######## ########  ##     ##  ######  ########

You're about to initialize a Firebase project in this directory:

  F:\project-all\New folder\phone-market-client

Before we get started, keep in mind:

  * You are initializing within an existing Firebase project directory

[info] 
=== Project Setup
[info] 
[info] First, let's associate this project directory with a Firebase project.
[info] You can create multiple project aliases by running firebase use --add, 
[info] but for now we'll just set up a default project.
[info] 
[debug] [2023-03-12T14:48:45.104Z] Using project from CLI flag: phone-market-84616
[debug] [2023-03-12T14:48:45.117Z] > refreshing access token with scopes: []
[debug] [2023-03-12T14:48:45.123Z] >>> [apiv2][query] POST https://www.googleapis.com/oauth2/v3/token [none]
[debug] [2023-03-12T14:48:45.125Z] >>> [apiv2][body] POST https://www.googleapis.com/oauth2/v3/token [omitted]
[debug] [2023-03-12T14:48:45.816Z] <<< [apiv2][status] POST https://www.googleapis.com/oauth2/v3/token 200
[debug] [2023-03-12T14:48:45.817Z] <<< [apiv2][body] POST https://www.googleapis.com/oauth2/v3/token [omitted]
[debug] [2023-03-12T14:48:45.831Z] >>> [apiv2][query] GET https://firebase.googleapis.com/v1beta1/projects/phone-market-84616 [none]
[debug] [2023-03-12T14:48:47.311Z] <<< [apiv2][status] GET https://firebase.googleapis.com/v1beta1/projects/phone-market-84616 200
[debug] [2023-03-12T14:48:47.311Z] <<< [apiv2][body] GET https://firebase.googleapis.com/v1beta1/projects/phone-market-84616 {"projectId":"phone-market-84616","projectNumber":"72210827101","displayName":"phone-market","name":"projects/phone-market-84616","resources":{"hostingSite":"phone-market-84616"},"state":"ACTIVE","etag":"1_ddee1c42-0593-42b9-a05e-872d18ba4a6f"}
[info] i  Using project phone-market-84616 (phone-market) 
[info] 
=== Hosting Setup
[info] 
[info] Your public directory is the folder (relative to your project directory) that
[info] will contain Hosting assets to be uploaded with firebase deploy. If you
[info] have a build process for your assets, use your build's output directory.
[info] 
